Using pre-set license
Built from '2020.3/staging' branch; Version is '2020.3.3f1 (76626098c1c4) revision 7758432'; Using compiler version '192528614'; Build Type 'Release'
OS: 'Windows 10 Pro; OS build 19042.1052; Version 2009; 64bit' Language: 'ja' Physical Memory: 16306 MB
BatchMode: 1, IsHumanControllingUs: 0, StartBugReporterOnCrash: 0, Is64bit: 1, IsPro: 0

 COMMAND LINE ARGUMENTS:
D:\Unity\2020.3.3f1\Editor\Unity.exe
-adb2
-batchMode
-noUpm
-name
AssetImportWorker0
-projectPath
D:/Unity/WaterLogic_Old/みずいろジック
-logFile
Logs/AssetImportWorker0.log
-srvPort
51178
Successfully changed project path to: D:/Unity/WaterLogic_Old/みずいろジック
D:/Unity/WaterLogic_Old/みずいろジック
Using Asset Import Pipeline V2.
Refreshing native plugins compatible for Editor in 36.07 ms, found 1 plugins.
Preloading 0 native plugins for Editor in 0.00 ms.
Initialize engine version: 2020.3.3f1 (76626098c1c4)
[Subsystems] Discovering subsystems at path D:/Unity/2020.3.3f1/Editor/Data/Resources/UnitySubsystems
[Subsystems] Discovering subsystems at path D:/Unity/WaterLogic_Old/みずいろジック/Assets
GfxDevice: creating device client; threaded=0
Direct3D:
    Version:  Direct3D 11.0 [level 11.1]
    Renderer: NVIDIA GeForce GTX 1660 SUPER (ID=0x21c4)
    Vendor:   
    VRAM:     5991 MB
    Driver:   27.21.14.5751
Initialize mono
Mono path[0] = 'D:/Unity/2020.3.3f1/Editor/Data/Managed'
Mono path[1] = 'D:/Unity/2020.3.3f1/Editor/Data/MonoBleedingEdge/lib/mono/unityjit'
Mono config path = 'D:/Unity/2020.3.3f1/Editor/Data/MonoBleedingEdge/etc'
Using monoOptions --debugger-agent=transport=dt_socket,embedding=1,server=y,suspend=n,address=127.0.0.1:56684
Begin MonoManager ReloadAssembly
Registering precompiled unity dll's ...
Register platform support module: D:/Unity/2020.3.3f1/Editor/Data/PlaybackEngines/WindowsStandaloneSupport/UnityEditor.WindowsStandalone.Extensions.dll
Registered in 0.000800 seconds.
Native extension for WindowsStandalone target not found
Refreshing native plugins compatible for Editor in 31.82 ms, found 1 plugins.
Preloading 0 native plugins for Editor in 0.00 ms.
Invoked RoslynAnalysisRunner static constructor.
RoslynAnalysisRunner will not be running.
RoslynAnalysisRunner has terminated.
Mono: successfully reloaded assembly
- Completed reload, in  1.411 seconds
Platform modules already initialized, skipping
Registering precompiled user dll's ...
Registered in 0.001502 seconds.
Begin MonoManager ReloadAssembly
Native extension for WindowsStandalone target not found
Refreshing native plugins compatible for Editor in 0.45 ms, found 1 plugins.
Preloading 0 native plugins for Editor in 0.00 ms.
System.Reflection.AmbiguousMatchException: Ambiguous match found.
  at System.RuntimeType.GetMethodImpl (System.String name, System.Reflection.BindingFlags bindingAttr, System.Reflection.Binder binder, System.Reflection.CallingConventions callConv, System.Type[] types, System.Reflection.ParameterModifier[] modifiers) [0x00059] in <eae584ce26bc40229c1b1aa476bfa589>:0 
  at System.Type.GetMethod (System.String name, System.Reflection.BindingFlags bindingAttr) [0x0000e] in <eae584ce26bc40229c1b1aa476bfa589>:0 
  at Anima2D.AnimationWindowImpl_51_52_53.InitializeReflection () [0x00168] in D:\Unity\WaterLogic_Old\みずいろジック\Assets\Anim\Anima2D\Scripts\Editor\AnimationWindowExtra\AnimationWindowImpl_51_52_53.cs:58 
  at Anima2D.AnimationWindowImpl_54.InitializeReflection () [0x00000] in D:\Unity\WaterLogic_Old\みずいろジック\Assets\Anim\Anima2D\Scripts\Editor\AnimationWindowExtra\AnimationWindowImpl_54.cs:15 
  at Anima2D.AnimationWindowImpl_55.InitializeReflection () [0x00000] in D:\Unity\WaterLogic_Old\みずいろジック\Assets\Anim\Anima2D\Scripts\Editor\AnimationWindowExtra\AnimationWindowImpl_55.cs:18 
  at Anima2D.AnimationWindowImpl_56.InitializeReflection () [0x00000] in D:\Unity\WaterLogic_Old\みずいろジック\Assets\Anim\Anima2D\Scripts\Editor\AnimationWindowExtra\AnimationWindowImpl_56.cs:18 
  at Anima2D.AnimationWindowImpl_2017_1.InitializeReflection () [0x00000] in D:\Unity\WaterLogic_Old\みずいろジック\Assets\Anim\Anima2D\Scripts\Editor\AnimationWindowExtra\AnimationWindowImpl_2017_1.cs:17 
  at Anima2D.AnimationWindowExtra..cctor () [0x0002e] in D:\Unity\WaterLogic_Old\みずいろジック\Assets\Anim\Anima2D\Scripts\Editor\AnimationWindowExtra\AnimationWindowExtra.cs:57 
UnityEngine.StackTraceUtility:ExtractStackTrace ()
UnityEngine.DebugLogHandler:LogFormat (UnityEngine.LogType,UnityEngine.Object,string,object[])
UnityEngine.Logger:Log (UnityEngine.LogType,object)
UnityEngine.Debug:LogError (object)
UnityEditor.EditorAssemblies:ProcessInitializeOnLoadAttributes (System.Type[])

Invoked RoslynAnalysisRunner static constructor.
RoslynAnalysisRunner will not be running.
RoslynAnalysisRunner has terminated.
Mono: successfully reloaded assembly
- Completed reload, in  0.653 seconds
Platform modules already initialized, skipping
========================================================================
Worker process is ready to serve import requests
Launched and connected shader compiler UnityShaderCompiler.exe after 0.03 seconds
Refreshing native plugins compatible for Editor in 0.44 ms, found 1 plugins.
Preloading 0 native plugins for Editor in 0.00 ms.
Unloading 1764 Unused Serialized files (Serialized files now loaded: 0)
System memory in use before: 76.9 MB.
System memory in use after: 77.0 MB.

Unloading 36 unused Assets to reduce memory usage. Loaded Objects now: 2190.
Total: 1.480400 ms (FindLiveObjects: 0.143000 ms CreateObjectMapping: 0.057600 ms MarkObjects: 1.237200 ms  DeleteObjects: 0.042000 ms)

========================================================================
Received Import Request.
  path: Assets/Scene
  artifactKey: Guid(fef15e5536e295641b52db11862009a7) Importer(815301076,1909f56bfc062723c751e8b465ee728b)
Start importing Assets/Scene using Guid(fef15e5536e295641b52db11862009a7) Importer(815301076,1909f56bfc062723c751e8b465ee728b)  -> (artifact id: 'c45e79291737867be08007eddb6e6ad7') in 0.003140 seconds
  Import took 0.005067 seconds .

========================================================================
Received Import Request.
  Time since last request: 0.000211 seconds.
  path: Assets/Scene/泡.png
  artifactKey: Guid(b7cf7592d41e68c418c0017490161311) Importer(815301076,1909f56bfc062723c751e8b465ee728b)
Start importing Assets/Scene/泡.png using Guid(b7cf7592d41e68c418c0017490161311) Importer(815301076,1909f56bfc062723c751e8b465ee728b)  -> (artifact id: 'b99eb44d9f96bfe8c1f4cd7bb451cf1b') in 0.085477 seconds
  Import took 0.087453 seconds .

========================================================================
Received Import Request.
  Time since last request: 1.311972 seconds.
  path: Assets/Scene/stage001.unity
  artifactKey: Guid(1fd74eccc9711d44e957f4bb6b8476d9) Importer(815301076,1909f56bfc062723c751e8b465ee728b)
Start importing Assets/Scene/stage001.unity using Guid(1fd74eccc9711d44e957f4bb6b8476d9) Importer(815301076,1909f56bfc062723c751e8b465ee728b)  -> (artifact id: '9a6c6fe90fd4073e1ee8a33865891909') in 0.001563 seconds
  Import took 0.003796 seconds .

========================================================================
Received Prepare
Registering precompiled user dll's ...
Registered in 0.001542 seconds.
Begin MonoManager ReloadAssembly
Native extension for WindowsStandalone target not found
Refreshing native plugins compatible for Editor in 0.50 ms, found 1 plugins.
Preloading 0 native plugins for Editor in 0.00 ms.
System.Reflection.AmbiguousMatchException: Ambiguous match found.
  at System.RuntimeType.GetMethodImpl (System.String name, System.Reflection.BindingFlags bindingAttr, System.Reflection.Binder binder, System.Reflection.CallingConventions callConv, System.Type[] types, System.Reflection.ParameterModifier[] modifiers) [0x00059] in <eae584ce26bc40229c1b1aa476bfa589>:0 
  at System.Type.GetMethod (System.String name, System.Reflection.BindingFlags bindingAttr) [0x0000e] in <eae584ce26bc40229c1b1aa476bfa589>:0 
  at Anima2D.AnimationWindowImpl_51_52_53.InitializeReflection () [0x00168] in D:\Unity\WaterLogic_Old\みずいろジック\Assets\Anim\Anima2D\Scripts\Editor\AnimationWindowExtra\AnimationWindowImpl_51_52_53.cs:58 
  at Anima2D.AnimationWindowImpl_54.InitializeReflection () [0x00000] in D:\Unity\WaterLogic_Old\みずいろジック\Assets\Anim\Anima2D\Scripts\Editor\AnimationWindowExtra\AnimationWindowImpl_54.cs:15 
  at Anima2D.AnimationWindowImpl_55.InitializeReflection () [0x00000] in D:\Unity\WaterLogic_Old\みずいろジック\Assets\Anim\Anima2D\Scripts\Editor\AnimationWindowExtra\AnimationWindowImpl_55.cs:18 
  at Anima2D.AnimationWindowImpl_56.InitializeReflection () [0x00000] in D:\Unity\WaterLogic_Old\みずいろジック\Assets\Anim\Anima2D\Scripts\Editor\AnimationWindowExtra\AnimationWindowImpl_56.cs:18 
  at Anima2D.AnimationWindowImpl_2017_1.InitializeReflection () [0x00000] in D:\Unity\WaterLogic_Old\みずいろジック\Assets\Anim\Anima2D\Scripts\Editor\AnimationWindowExtra\AnimationWindowImpl_2017_1.cs:17 
  at Anima2D.AnimationWindowExtra..cctor () [0x0002e] in D:\Unity\WaterLogic_Old\みずいろジック\Assets\Anim\Anima2D\Scripts\Editor\AnimationWindowExtra\AnimationWindowExtra.cs:57 
UnityEngine.StackTraceUtility:ExtractStackTrace ()
UnityEngine.DebugLogHandler:LogFormat (UnityEngine.LogType,UnityEngine.Object,string,object[])
UnityEngine.Logger:Log (UnityEngine.LogType,object)
UnityEngine.Debug:LogError (object)
UnityEditor.EditorAssemblies:ProcessInitializeOnLoadAttributes (System.Type[])

Invoked RoslynAnalysisRunner static constructor.
RoslynAnalysisRunner will not be running.
RoslynAnalysisRunner has terminated.
Mono: successfully reloaded assembly
- Completed reload, in  0.650 seconds
Platform modules already initialized, skipping
Refreshing native plugins compatible for Editor in 0.47 ms, found 1 plugins.
Preloading 0 native plugins for Editor in 0.00 ms.
Unloading 1754 Unused Serialized files (Serialized files now loaded: 0)
System memory in use before: 79.4 MB.
System memory in use after: 79.5 MB.

Unloading 27 unused Assets to reduce memory usage. Loaded Objects now: 2199.
Total: 1.426700 ms (FindLiveObjects: 0.178600 ms CreateObjectMapping: 0.064000 ms MarkObjects: 1.167700 ms  DeleteObjects: 0.015800 ms)

========================================================================
Received Prepare
Registering precompiled user dll's ...
Registered in 0.001550 seconds.
Begin MonoManager ReloadAssembly
Native extension for WindowsStandalone target not found
Refreshing native plugins compatible for Editor in 0.46 ms, found 1 plugins.
Preloading 0 native plugins for Editor in 0.00 ms.
System.Reflection.AmbiguousMatchException: Ambiguous match found.
  at System.RuntimeType.GetMethodImpl (System.String name, System.Reflection.BindingFlags bindingAttr, System.Reflection.Binder binder, System.Reflection.CallingConventions callConv, System.Type[] types, System.Reflection.ParameterModifier[] modifiers) [0x00059] in <eae584ce26bc40229c1b1aa476bfa589>:0 
  at System.Type.GetMethod (System.String name, System.Reflection.BindingFlags bindingAttr) [0x0000e] in <eae584ce26bc40229c1b1aa476bfa589>:0 
  at Anima2D.AnimationWindowImpl_51_52_53.InitializeReflection () [0x00168] in D:\Unity\WaterLogic_Old\みずいろジック\Assets\Anim\Anima2D\Scripts\Editor\AnimationWindowExtra\AnimationWindowImpl_51_52_53.cs:58 
  at Anima2D.AnimationWindowImpl_54.InitializeReflection () [0x00000] in D:\Unity\WaterLogic_Old\みずいろジック\Assets\Anim\Anima2D\Scripts\Editor\AnimationWindowExtra\AnimationWindowImpl_54.cs:15 
  at Anima2D.AnimationWindowImpl_55.InitializeReflection () [0x00000] in D:\Unity\WaterLogic_Old\みずいろジック\Assets\Anim\Anima2D\Scripts\Editor\AnimationWindowExtra\AnimationWindowImpl_55.cs:18 
  at Anima2D.AnimationWindowImpl_56.InitializeReflection () [0x00000] in D:\Unity\WaterLogic_Old\みずいろジック\Assets\Anim\Anima2D\Scripts\Editor\AnimationWindowExtra\AnimationWindowImpl_56.cs:18 
  at Anima2D.AnimationWindowImpl_2017_1.InitializeReflection () [0x00000] in D:\Unity\WaterLogic_Old\みずいろジック\Assets\Anim\Anima2D\Scripts\Editor\AnimationWindowExtra\AnimationWindowImpl_2017_1.cs:17 
  at Anima2D.AnimationWindowExtra..cctor () [0x0002e] in D:\Unity\WaterLogic_Old\みずいろジック\Assets\Anim\Anima2D\Scripts\Editor\AnimationWindowExtra\AnimationWindowExtra.cs:57 
UnityEngine.StackTraceUtility:ExtractStackTrace ()
UnityEngine.DebugLogHandler:LogFormat (UnityEngine.LogType,UnityEngine.Object,string,object[])
UnityEngine.Logger:Log (UnityEngine.LogType,object)
UnityEngine.Debug:LogError (object)
UnityEditor.EditorAssemblies:ProcessInitializeOnLoadAttributes (System.Type[])

Invoked RoslynAnalysisRunner static constructor.
RoslynAnalysisRunner will not be running.
RoslynAnalysisRunner has terminated.
Mono: successfully reloaded assembly
- Completed reload, in  0.651 seconds
Platform modules already initialized, skipping
Refreshing native plugins compatible for Editor in 0.51 ms, found 1 plugins.
Preloading 0 native plugins for Editor in 0.00 ms.
Unloading 1754 Unused Serialized files (Serialized files now loaded: 0)
System memory in use before: 79.5 MB.
System memory in use after: 79.6 MB.

Unloading 27 unused Assets to reduce memory usage. Loaded Objects now: 2202.
Total: 1.389700 ms (FindLiveObjects: 0.169300 ms CreateObjectMapping: 0.057700 ms MarkObjects: 1.147900 ms  DeleteObjects: 0.013800 ms)

AssetImportWorkerClient::OnTransportError - code=2 error=End of file
